[2024-04-12T00:23:03.918+0000] {local_task_job_runner.py:120} INFO - ::group::Pre task execution logs
[2024-04-12T00:23:04.247+0000] {taskinstance.py:2063} INFO - Dependencies not met for <TaskInstance: tutorial_dag.transformar_dados_em_dataframe scheduled__2024-04-11T22:30:00+00:00 [None]>, dependency 'Trigger Rule' FAILED: Task's trigger rule 'all_success' requires all upstream tasks to have succeeded, but found 1 non-success(es). upstream_states=_UpstreamTIStates(success=0, skipped=0, failed=0, upstream_failed=0, removed=0, done=0, success_setup=0, skipped_setup=0), upstream_task_ids={'consumir_api_pokemons'}
[2024-04-12T00:23:04.253+0000] {local_task_job_runner.py:163} INFO - Task is not able to be run
[2024-04-12T00:24:22.305+0000] {local_task_job_runner.py:120} INFO - ::group::Pre task execution logs
[2024-04-12T00:24:22.373+0000] {taskinstance.py:2073} INFO - Dependencies all met for dep_context=non-requeueable deps ti=<TaskInstance: tutorial_dag.transformar_dados_em_dataframe scheduled__2024-04-11T22:30:00+00:00 [queued]>
[2024-04-12T00:24:22.382+0000] {taskinstance.py:2073} INFO - Dependencies all met for dep_context=requeueable deps ti=<TaskInstance: tutorial_dag.transformar_dados_em_dataframe scheduled__2024-04-11T22:30:00+00:00 [queued]>
[2024-04-12T00:24:22.382+0000] {taskinstance.py:2303} INFO - Starting attempt 3 of 3
[2024-04-12T00:24:23.273+0000] {taskinstance.py:2327} INFO - Executing <Task(PythonOperator): transformar_dados_em_dataframe> on 2024-04-11 22:30:00+00:00
[2024-04-12T00:24:23.361+0000] {standard_task_runner.py:90} INFO - Running: ['***', 'tasks', 'run', 'tutorial_dag', 'transformar_dados_em_dataframe', 'scheduled__2024-04-11T22:30:00+00:00', '--job-id', '13', '--raw', '--subdir', 'DAGS_FOLDER/tutorial_dag.py', '--cfg-path', '/tmp/tmpgopjh0np']
[2024-04-12T00:24:23.370+0000] {logging_mixin.py:188} WARNING - /home/***/.local/lib/python3.12/site-packages/***/task/task_runner/standard_task_runner.py:61 DeprecationWarning: This process (pid=998) is multi-threaded, use of fork() may lead to deadlocks in the child.
[2024-04-12T00:24:23.401+0000] {standard_task_runner.py:91} INFO - Job 13: Subtask transformar_dados_em_dataframe
[2024-04-12T00:24:23.401+0000] {standard_task_runner.py:63} INFO - Started process 1000 to run task
[2024-04-12T00:24:23.572+0000] {task_command.py:426} INFO - Running <TaskInstance: tutorial_dag.transformar_dados_em_dataframe scheduled__2024-04-11T22:30:00+00:00 [running]> on host ae99acc4965a
[2024-04-12T00:24:23.899+0000] {taskinstance.py:2644} INFO - Exporting env vars: AIRFLOW_CTX_DAG_OWNER='***' AIRFLOW_CTX_DAG_ID='tutorial_dag' AIRFLOW_CTX_TASK_ID='transformar_dados_em_dataframe' AIRFLOW_CTX_EXECUTION_DATE='2024-04-11T22:30:00+00:00' AIRFLOW_CTX_TRY_NUMBER='3' AIRFLOW_CTX_DAG_RUN_ID='scheduled__2024-04-11T22:30:00+00:00'
[2024-04-12T00:24:23.905+0000] {taskinstance.py:430} INFO - ::endgroup::
[2024-04-12T00:24:24.258+0000] {logging_mixin.py:188} INFO - 20
[2024-04-12T00:24:24.261+0000] {python.py:237} INFO - Done. Returned value was: None
[2024-04-12T00:24:24.262+0000] {taskinstance.py:441} INFO - ::group::Post task execution logs
[2024-04-12T00:24:24.315+0000] {taskinstance.py:1205} INFO - Marking task as SUCCESS. dag_id=tutorial_dag, task_id=transformar_dados_em_dataframe, execution_date=20240411T223000, start_date=20240412T002422, end_date=20240412T002424
[2024-04-12T00:24:24.412+0000] {local_task_job_runner.py:240} INFO - Task exited with return code 0
[2024-04-12T00:24:24.464+0000] {taskinstance.py:3482} INFO - 0 downstream tasks scheduled from follow-on schedule check
[2024-04-12T00:24:24.472+0000] {local_task_job_runner.py:222} INFO - ::endgroup::
