[2024-04-12T00:50:40.534+0000] {local_task_job_runner.py:120} INFO - ::group::Pre task execution logs
[2024-04-12T00:50:43.174+0000] {taskinstance.py:2073} INFO - Dependencies all met for dep_context=non-requeueable deps ti=<TaskInstance: tutorial_dag.transformar_dados_em_dataframe scheduled__2024-04-11T23:30:00+00:00 [queued]>
[2024-04-12T00:50:43.213+0000] {taskinstance.py:2073} INFO - Dependencies all met for dep_context=requeueable deps ti=<TaskInstance: tutorial_dag.transformar_dados_em_dataframe scheduled__2024-04-11T23:30:00+00:00 [queued]>
[2024-04-12T00:50:43.214+0000] {taskinstance.py:2303} INFO - Starting attempt 7 of 7
[2024-04-12T00:50:43.251+0000] {taskinstance.py:2327} INFO - Executing <Task(PythonOperator): transformar_dados_em_dataframe> on 2024-04-11 23:30:00+00:00
[2024-04-12T00:50:43.345+0000] {logging_mixin.py:188} WARNING - /home/***/.local/lib/python3.12/site-packages/***/task/task_runner/standard_task_runner.py:61 DeprecationWarning: This process (pid=1841) is multi-threaded, use of fork() may lead to deadlocks in the child.
[2024-04-12T00:50:43.348+0000] {standard_task_runner.py:63} INFO - Started process 1843 to run task
[2024-04-12T00:50:43.346+0000] {standard_task_runner.py:90} INFO - Running: ['***', 'tasks', 'run', 'tutorial_dag', 'transformar_dados_em_dataframe', 'scheduled__2024-04-11T23:30:00+00:00', '--job-id', '38', '--raw', '--subdir', 'DAGS_FOLDER/tutorial_dag.py', '--cfg-path', '/tmp/tmpnz5uwez7']
[2024-04-12T00:50:43.352+0000] {standard_task_runner.py:91} INFO - Job 38: Subtask transformar_dados_em_dataframe
[2024-04-12T00:50:43.429+0000] {task_command.py:426} INFO - Running <TaskInstance: tutorial_dag.transformar_dados_em_dataframe scheduled__2024-04-11T23:30:00+00:00 [running]> on host ae99acc4965a
[2024-04-12T00:50:43.532+0000] {taskinstance.py:2644} INFO - Exporting env vars: AIRFLOW_CTX_DAG_OWNER='***' AIRFLOW_CTX_DAG_ID='tutorial_dag' AIRFLOW_CTX_TASK_ID='transformar_dados_em_dataframe' AIRFLOW_CTX_EXECUTION_DATE='2024-04-11T23:30:00+00:00' AIRFLOW_CTX_TRY_NUMBER='7' AIRFLOW_CTX_DAG_RUN_ID='scheduled__2024-04-11T23:30:00+00:00'
[2024-04-12T00:50:43.534+0000] {taskinstance.py:430} INFO - ::endgroup::
[2024-04-12T00:50:43.563+0000] {python.py:237} INFO - Done. Returned value was:           name                                    url
0    bulbasaur   https://pokeapi.co/api/v2/pokemon/1/
1      ivysaur   https://pokeapi.co/api/v2/pokemon/2/
2     venusaur   https://pokeapi.co/api/v2/pokemon/3/
3   charmander   https://pokeapi.co/api/v2/pokemon/4/
4   charmeleon   https://pokeapi.co/api/v2/pokemon/5/
5    charizard   https://pokeapi.co/api/v2/pokemon/6/
6     squirtle   https://pokeapi.co/api/v2/pokemon/7/
7    wartortle   https://pokeapi.co/api/v2/pokemon/8/
8    blastoise   https://pokeapi.co/api/v2/pokemon/9/
9     caterpie  https://pokeapi.co/api/v2/pokemon/10/
10     metapod  https://pokeapi.co/api/v2/pokemon/11/
11  butterfree  https://pokeapi.co/api/v2/pokemon/12/
12      weedle  https://pokeapi.co/api/v2/pokemon/13/
13      kakuna  https://pokeapi.co/api/v2/pokemon/14/
14    beedrill  https://pokeapi.co/api/v2/pokemon/15/
15      pidgey  https://pokeapi.co/api/v2/pokemon/16/
16   pidgeotto  https://pokeapi.co/api/v2/pokemon/17/
17     pidgeot  https://pokeapi.co/api/v2/pokemon/18/
18     rattata  https://pokeapi.co/api/v2/pokemon/19/
19    raticate  https://pokeapi.co/api/v2/pokemon/20/
[2024-04-12T00:50:43.579+0000] {taskinstance.py:441} INFO - ::group::Post task execution logs
[2024-04-12T00:50:43.650+0000] {taskinstance.py:1205} INFO - Marking task as SUCCESS. dag_id=tutorial_dag, task_id=transformar_dados_em_dataframe, execution_date=20240411T233000, start_date=20240412T005043, end_date=20240412T005043
[2024-04-12T00:50:43.689+0000] {local_task_job_runner.py:240} INFO - Task exited with return code 0
[2024-04-12T00:50:43.721+0000] {taskinstance.py:3482} INFO - 1 downstream tasks scheduled from follow-on schedule check
[2024-04-12T00:50:43.722+0000] {local_task_job_runner.py:222} INFO - ::endgroup::
