[2024-04-11T23:53:26.913+0000] {manager.py:470} INFO - Processing files using up to 2 processes at a time 
[2024-04-11T23:53:26.918+0000] {manager.py:471} INFO - Process each file at most once every 30 seconds
[2024-04-11T23:53:26.921+0000] {manager.py:472} INFO - Checking for new files in /opt/airflow/dags every 300 seconds
[2024-04-11T23:53:26.924+0000] {manager.py:737} INFO - Searching for files in /opt/airflow/dags
[2024-04-11T23:53:26.938+0000] {manager.py:740} INFO - There are 0 files in /opt/airflow/dags
[2024-04-11T23:58:27.670+0000] {manager.py:737} INFO - Searching for files in /opt/airflow/dags
[2024-04-11T23:58:27.699+0000] {manager.py:740} INFO - There are 1 files in /opt/airflow/dags
[2024-04-11T23:58:32.085+0000] {manager.py:878} INFO - 
================================================================================
DAG File Processing Stats

File Path                          PID    Runtime      # DAGs    # Errors  Last Runtime    Last Run
---------------------------------  -----  ---------  --------  ----------  --------------  -------------------
/opt/airflow/dags/tutorial_dag.py                           1           0  1.20s           2024-04-11T23:58:29
================================================================================
[2024-04-11T23:59:02.667+0000] {manager.py:878} INFO - 
================================================================================
DAG File Processing Stats

File Path                          PID    Runtime      # DAGs    # Errors  Last Runtime    Last Run
---------------------------------  -----  ---------  --------  ----------  --------------  -------------------
/opt/airflow/dags/tutorial_dag.py                           1           0  0.18s           2024-04-11T23:58:34
================================================================================
[2024-04-11T23:59:33.384+0000] {manager.py:878} INFO - 
================================================================================
DAG File Processing Stats

File Path                          PID    Runtime      # DAGs    # Errors  Last Runtime    Last Run
---------------------------------  -----  ---------  --------  ----------  --------------  -------------------
/opt/airflow/dags/tutorial_dag.py                           0           1  0.23s           2024-04-11T23:59:07
================================================================================
[2024-04-12T00:00:04.114+0000] {manager.py:878} INFO - 
================================================================================
DAG File Processing Stats

File Path                          PID    Runtime      # DAGs    # Errors  Last Runtime    Last Run
---------------------------------  -----  ---------  --------  ----------  --------------  -------------------
/opt/airflow/dags/tutorial_dag.py                           0           1  0.15s           2024-04-11T23:59:53
================================================================================
[2024-04-12T00:00:34.481+0000] {manager.py:878} INFO - 
================================================================================
DAG File Processing Stats

File Path                          PID    Runtime      # DAGs    # Errors  Last Runtime    Last Run
---------------------------------  -----  ---------  --------  ----------  --------------  -------------------
/opt/airflow/dags/tutorial_dag.py                           1           0  0.40s           2024-04-12T00:00:11
================================================================================
[2024-04-12T00:01:04.671+0000] {manager.py:878} INFO - 
================================================================================
DAG File Processing Stats

File Path                          PID    Runtime      # DAGs    # Errors  Last Runtime    Last Run
---------------------------------  -----  ---------  --------  ----------  --------------  -------------------
/opt/airflow/dags/tutorial_dag.py                           1           0  0.20s           2024-04-12T00:00:58
================================================================================
[2024-04-12T00:01:35.045+0000] {manager.py:878} INFO - 
================================================================================
DAG File Processing Stats

File Path                          PID    Runtime      # DAGs    # Errors  Last Runtime    Last Run
---------------------------------  -----  ---------  --------  ----------  --------------  -------------------
/opt/airflow/dags/tutorial_dag.py                           1           0  0.25s           2024-04-12T00:01:29
================================================================================
[2024-04-12T00:02:05.490+0000] {manager.py:878} INFO - 
================================================================================
DAG File Processing Stats

File Path                          PID    Runtime      # DAGs    # Errors  Last Runtime    Last Run
---------------------------------  -----  ---------  --------  ----------  --------------  -------------------
/opt/airflow/dags/tutorial_dag.py                           1           0  0.21s           2024-04-12T00:02:01
================================================================================
[2024-04-12T00:02:36.231+0000] {manager.py:878} INFO - 
================================================================================
DAG File Processing Stats

File Path                          PID    Runtime      # DAGs    # Errors  Last Runtime    Last Run
---------------------------------  -----  ---------  --------  ----------  --------------  -------------------
/opt/airflow/dags/tutorial_dag.py                           1           0  0.33s           2024-04-12T00:02:32
================================================================================
[2024-04-12T00:03:06.895+0000] {manager.py:878} INFO - 
================================================================================
DAG File Processing Stats

File Path                          PID    Runtime      # DAGs    # Errors  Last Runtime    Last Run
---------------------------------  -----  ---------  --------  ----------  --------------  -------------------
/opt/airflow/dags/tutorial_dag.py                           1           0  0.14s           2024-04-12T00:03:05
================================================================================
[2024-04-12T00:03:28.283+0000] {manager.py:737} INFO - Searching for files in /opt/airflow/dags
[2024-04-12T00:03:28.295+0000] {manager.py:740} INFO - There are 1 files in /opt/airflow/dags
[2024-04-12T00:03:37.476+0000] {manager.py:878} INFO - 
================================================================================
DAG File Processing Stats

File Path                          PID    Runtime      # DAGs    # Errors  Last Runtime    Last Run
---------------------------------  -----  ---------  --------  ----------  --------------  -------------------
/opt/airflow/dags/tutorial_dag.py                           1           0  0.18s           2024-04-12T00:03:36
================================================================================
[2024-04-12T00:04:08.090+0000] {manager.py:878} INFO - 
================================================================================
DAG File Processing Stats

File Path                          PID    Runtime      # DAGs    # Errors  Last Runtime    Last Run
---------------------------------  -----  ---------  --------  ----------  --------------  -------------------
/opt/airflow/dags/tutorial_dag.py                           1           0  0.21s           2024-04-12T00:04:04
================================================================================
[2024-04-12T00:04:38.418+0000] {manager.py:878} INFO - 
================================================================================
DAG File Processing Stats

File Path                          PID    Runtime      # DAGs    # Errors  Last Runtime    Last Run
---------------------------------  -----  ---------  --------  ----------  --------------  -------------------
/opt/airflow/dags/tutorial_dag.py                           1           0  0.14s           2024-04-12T00:04:34
================================================================================
[2024-04-12T00:05:08.818+0000] {manager.py:878} INFO - 
================================================================================
DAG File Processing Stats

File Path                          PID    Runtime      # DAGs    # Errors  Last Runtime    Last Run
---------------------------------  -----  ---------  --------  ----------  --------------  -------------------
/opt/airflow/dags/tutorial_dag.py                           1           0  0.30s           2024-04-12T00:05:04
================================================================================
[2024-04-12T00:05:39.243+0000] {manager.py:878} INFO - 
================================================================================
DAG File Processing Stats

File Path                          PID    Runtime      # DAGs    # Errors  Last Runtime    Last Run
---------------------------------  -----  ---------  --------  ----------  --------------  -------------------
/opt/airflow/dags/tutorial_dag.py                           1           0  0.22s           2024-04-12T00:05:35
================================================================================
[2024-04-12T00:06:09.893+0000] {manager.py:878} INFO - 
================================================================================
DAG File Processing Stats

File Path                          PID    Runtime      # DAGs    # Errors  Last Runtime    Last Run
---------------------------------  -----  ---------  --------  ----------  --------------  -------------------
/opt/airflow/dags/tutorial_dag.py                           1           0  0.27s           2024-04-12T00:06:08
================================================================================
[2024-04-12T00:06:40.390+0000] {manager.py:878} INFO - 
================================================================================
DAG File Processing Stats

File Path                          PID    Runtime      # DAGs    # Errors  Last Runtime    Last Run
---------------------------------  -----  ---------  --------  ----------  --------------  -------------------
/opt/airflow/dags/tutorial_dag.py                           1           0  0.26s           2024-04-12T00:06:33
================================================================================
[2024-04-12T00:07:10.841+0000] {manager.py:878} INFO - 
================================================================================
DAG File Processing Stats

File Path                          PID    Runtime      # DAGs    # Errors  Last Runtime    Last Run
---------------------------------  -----  ---------  --------  ----------  --------------  -------------------
/opt/airflow/dags/tutorial_dag.py                           1           0  0.24s           2024-04-12T00:07:03
================================================================================
[2024-04-12T00:07:41.253+0000] {manager.py:878} INFO - 
================================================================================
DAG File Processing Stats

File Path                          PID    Runtime      # DAGs    # Errors  Last Runtime    Last Run
---------------------------------  -----  ---------  --------  ----------  --------------  -------------------
/opt/airflow/dags/tutorial_dag.py                           1           0  0.25s           2024-04-12T00:07:34
================================================================================
[2024-04-12T00:08:11.635+0000] {manager.py:878} INFO - 
================================================================================
DAG File Processing Stats

File Path                          PID    Runtime      # DAGs    # Errors  Last Runtime    Last Run
---------------------------------  -----  ---------  --------  ----------  --------------  -------------------
/opt/airflow/dags/tutorial_dag.py                           1           0  0.64s           2024-04-12T00:08:06
================================================================================
[2024-04-12T00:08:28.375+0000] {manager.py:737} INFO - Searching for files in /opt/airflow/dags
[2024-04-12T00:08:28.390+0000] {manager.py:740} INFO - There are 1 files in /opt/airflow/dags
[2024-04-12T00:08:42.058+0000] {manager.py:878} INFO - 
================================================================================
DAG File Processing Stats

File Path                          PID    Runtime      # DAGs    # Errors  Last Runtime    Last Run
---------------------------------  -----  ---------  --------  ----------  --------------  -------------------
/opt/airflow/dags/tutorial_dag.py                           1           0  0.29s           2024-04-12T00:08:30
================================================================================
[2024-04-12T00:09:12.501+0000] {manager.py:878} INFO - 
================================================================================
DAG File Processing Stats

File Path                          PID    Runtime      # DAGs    # Errors  Last Runtime    Last Run
---------------------------------  -----  ---------  --------  ----------  --------------  -------------------
/opt/airflow/dags/tutorial_dag.py                           1           0  0.24s           2024-04-12T00:09:00
================================================================================
[2024-04-12T00:09:42.920+0000] {manager.py:878} INFO - 
================================================================================
DAG File Processing Stats

File Path                          PID    Runtime      # DAGs    # Errors  Last Runtime    Last Run
---------------------------------  -----  ---------  --------  ----------  --------------  -------------------
/opt/airflow/dags/tutorial_dag.py                           1           0  0.16s           2024-04-12T00:09:30
================================================================================
[2024-04-12T00:10:13.261+0000] {manager.py:878} INFO - 
================================================================================
DAG File Processing Stats

File Path                            PID  Runtime      # DAGs    # Errors  Last Runtime    Last Run
---------------------------------  -----  ---------  --------  ----------  --------------  -------------------
/opt/airflow/dags/tutorial_dag.py    558  4.21s             0           1  0.16s           2024-04-12T00:10:01
================================================================================
[2024-04-12T00:10:43.998+0000] {manager.py:878} INFO - 
================================================================================
DAG File Processing Stats

File Path                          PID    Runtime      # DAGs    # Errors  Last Runtime    Last Run
---------------------------------  -----  ---------  --------  ----------  --------------  -------------------
/opt/airflow/dags/tutorial_dag.py                           1           0  0.91s           2024-04-12T00:10:35
================================================================================
[2024-04-12T00:11:14.145+0000] {manager.py:878} INFO - 
================================================================================
DAG File Processing Stats

File Path                          PID    Runtime      # DAGs    # Errors  Last Runtime    Last Run
---------------------------------  -----  ---------  --------  ----------  --------------  -------------------
/opt/airflow/dags/tutorial_dag.py                           1           0  0.85s           2024-04-12T00:10:59
================================================================================
[2024-04-12T00:11:44.428+0000] {manager.py:878} INFO - 
================================================================================
DAG File Processing Stats

File Path                          PID    Runtime      # DAGs    # Errors  Last Runtime    Last Run
---------------------------------  -----  ---------  --------  ----------  --------------  -------------------
/opt/airflow/dags/tutorial_dag.py                           1           0  0.89s           2024-04-12T00:11:18
================================================================================
[2024-04-12T00:12:14.920+0000] {manager.py:878} INFO - 
================================================================================
DAG File Processing Stats

File Path                          PID    Runtime      # DAGs    # Errors  Last Runtime    Last Run
---------------------------------  -----  ---------  --------  ----------  --------------  -------------------
/opt/airflow/dags/tutorial_dag.py                           1           0  0.90s           2024-04-12T00:11:54
================================================================================
[2024-04-12T00:12:45.229+0000] {manager.py:878} INFO - 
================================================================================
DAG File Processing Stats

File Path                          PID    Runtime      # DAGs    # Errors  Last Runtime    Last Run
---------------------------------  -----  ---------  --------  ----------  --------------  -------------------
/opt/airflow/dags/tutorial_dag.py                           1           0  1.03s           2024-04-12T00:12:26
================================================================================
[2024-04-12T00:13:15.535+0000] {manager.py:878} INFO - 
================================================================================
DAG File Processing Stats

File Path                          PID    Runtime      # DAGs    # Errors  Last Runtime    Last Run
---------------------------------  -----  ---------  --------  ----------  --------------  -------------------
/opt/airflow/dags/tutorial_dag.py                           1           0  0.96s           2024-04-12T00:12:57
================================================================================
[2024-04-12T00:13:28.813+0000] {manager.py:737} INFO - Searching for files in /opt/airflow/dags
[2024-04-12T00:13:28.820+0000] {manager.py:740} INFO - There are 1 files in /opt/airflow/dags
[2024-04-12T00:13:46.113+0000] {manager.py:878} INFO - 
================================================================================
DAG File Processing Stats

File Path                          PID    Runtime      # DAGs    # Errors  Last Runtime    Last Run
---------------------------------  -----  ---------  --------  ----------  --------------  -------------------
/opt/airflow/dags/tutorial_dag.py                           1           0  1.06s           2024-04-12T00:13:28
================================================================================
[2024-04-12T00:14:16.597+0000] {manager.py:878} INFO - 
================================================================================
DAG File Processing Stats

File Path                          PID    Runtime      # DAGs    # Errors  Last Runtime    Last Run
---------------------------------  -----  ---------  --------  ----------  --------------  -------------------
/opt/airflow/dags/tutorial_dag.py                           1           0  0.90s           2024-04-12T00:14:00
================================================================================
[2024-04-12T00:14:47.384+0000] {manager.py:878} INFO - 
================================================================================
DAG File Processing Stats

File Path                          PID    Runtime      # DAGs    # Errors  Last Runtime    Last Run
---------------------------------  -----  ---------  --------  ----------  --------------  -------------------
/opt/airflow/dags/tutorial_dag.py                           1           0  0.90s           2024-04-12T00:14:31
================================================================================
[2024-04-12T00:15:17.829+0000] {manager.py:878} INFO - 
================================================================================
DAG File Processing Stats

File Path                          PID    Runtime      # DAGs    # Errors  Last Runtime    Last Run
---------------------------------  -----  ---------  --------  ----------  --------------  -------------------
/opt/airflow/dags/tutorial_dag.py                           1           0  0.81s           2024-04-12T00:15:02
================================================================================
[2024-04-12T00:15:48.188+0000] {manager.py:878} INFO - 
================================================================================
DAG File Processing Stats

File Path                          PID    Runtime      # DAGs    # Errors  Last Runtime    Last Run
---------------------------------  -----  ---------  --------  ----------  --------------  -------------------
/opt/airflow/dags/tutorial_dag.py                           1           0  0.84s           2024-04-12T00:15:32
================================================================================
[2024-04-12T00:16:18.537+0000] {manager.py:878} INFO - 
================================================================================
DAG File Processing Stats

File Path                          PID    Runtime      # DAGs    # Errors  Last Runtime    Last Run
---------------------------------  -----  ---------  --------  ----------  --------------  -------------------
/opt/airflow/dags/tutorial_dag.py                           1           0  2.78s           2024-04-12T00:16:05
================================================================================
[2024-04-12T00:16:48.904+0000] {manager.py:878} INFO - 
================================================================================
DAG File Processing Stats

File Path                          PID    Runtime      # DAGs    # Errors  Last Runtime    Last Run
---------------------------------  -----  ---------  --------  ----------  --------------  -------------------
/opt/airflow/dags/tutorial_dag.py                           1           0  0.85s           2024-04-12T00:16:36
================================================================================
[2024-04-12T00:17:19.122+0000] {manager.py:878} INFO - 
================================================================================
DAG File Processing Stats

File Path                          PID    Runtime      # DAGs    # Errors  Last Runtime    Last Run
---------------------------------  -----  ---------  --------  ----------  --------------  -------------------
/opt/airflow/dags/tutorial_dag.py                           1           0  0.89s           2024-04-12T00:17:07
================================================================================
[2024-04-12T00:17:49.223+0000] {manager.py:878} INFO - 
================================================================================
DAG File Processing Stats

File Path                          PID    Runtime      # DAGs    # Errors  Last Runtime    Last Run
---------------------------------  -----  ---------  --------  ----------  --------------  -------------------
/opt/airflow/dags/tutorial_dag.py                           1           0  0.81s           2024-04-12T00:17:26
================================================================================
[2024-04-12T00:18:19.258+0000] {manager.py:878} INFO - 
================================================================================
DAG File Processing Stats

File Path                          PID    Runtime      # DAGs    # Errors  Last Runtime    Last Run
---------------------------------  -----  ---------  --------  ----------  --------------  -------------------
/opt/airflow/dags/tutorial_dag.py                           1           0  0.76s           2024-04-12T00:17:57
================================================================================
[2024-04-12T00:18:28.833+0000] {manager.py:737} INFO - Searching for files in /opt/airflow/dags
[2024-04-12T00:18:28.851+0000] {manager.py:740} INFO - There are 1 files in /opt/airflow/dags
[2024-04-12T00:18:49.340+0000] {manager.py:878} INFO - 
================================================================================
DAG File Processing Stats

File Path                          PID    Runtime      # DAGs    # Errors  Last Runtime    Last Run
---------------------------------  -----  ---------  --------  ----------  --------------  -------------------
/opt/airflow/dags/tutorial_dag.py                           1           0  0.76s           2024-04-12T00:18:28
================================================================================
[2024-04-12T00:19:19.785+0000] {manager.py:878} INFO - 
================================================================================
DAG File Processing Stats

File Path                          PID    Runtime      # DAGs    # Errors  Last Runtime    Last Run
---------------------------------  -----  ---------  --------  ----------  --------------  -------------------
/opt/airflow/dags/tutorial_dag.py                           1           0  1.53s           2024-04-12T00:19:10
================================================================================
[2024-04-12T00:19:49.955+0000] {manager.py:878} INFO - 
================================================================================
DAG File Processing Stats

File Path                          PID    Runtime      # DAGs    # Errors  Last Runtime    Last Run
---------------------------------  -----  ---------  --------  ----------  --------------  -------------------
/opt/airflow/dags/tutorial_dag.py                           1           0  0.67s           2024-04-12T00:19:23
================================================================================
[2024-04-12T00:20:20.624+0000] {manager.py:878} INFO - 
================================================================================
DAG File Processing Stats

File Path                          PID    Runtime      # DAGs    # Errors  Last Runtime    Last Run
---------------------------------  -----  ---------  --------  ----------  --------------  -------------------
/opt/airflow/dags/tutorial_dag.py                           1           0  0.74s           2024-04-12T00:19:54
================================================================================
[2024-04-12T00:20:51.363+0000] {manager.py:878} INFO - 
================================================================================
DAG File Processing Stats

File Path                          PID    Runtime      # DAGs    # Errors  Last Runtime    Last Run
---------------------------------  -----  ---------  --------  ----------  --------------  -------------------
/opt/airflow/dags/tutorial_dag.py                           1           0  0.93s           2024-04-12T00:20:25
================================================================================
[2024-04-12T00:21:21.658+0000] {manager.py:878} INFO - 
================================================================================
DAG File Processing Stats

File Path                          PID    Runtime      # DAGs    # Errors  Last Runtime    Last Run
---------------------------------  -----  ---------  --------  ----------  --------------  -------------------
/opt/airflow/dags/tutorial_dag.py                           1           0  0.96s           2024-04-12T00:20:57
================================================================================
[2024-04-12T00:21:52.044+0000] {manager.py:878} INFO - 
================================================================================
DAG File Processing Stats

File Path                          PID    Runtime      # DAGs    # Errors  Last Runtime    Last Run
---------------------------------  -----  ---------  --------  ----------  --------------  -------------------
/opt/airflow/dags/tutorial_dag.py                           1           0  0.86s           2024-04-12T00:21:28
================================================================================
[2024-04-12T00:22:22.092+0000] {manager.py:878} INFO - 
================================================================================
DAG File Processing Stats

File Path                          PID    Runtime      # DAGs    # Errors  Last Runtime    Last Run
---------------------------------  -----  ---------  --------  ----------  --------------  -------------------
/opt/airflow/dags/tutorial_dag.py                           1           0  0.87s           2024-04-12T00:22:19
================================================================================
[2024-04-12T00:22:52.980+0000] {manager.py:878} INFO - 
================================================================================
DAG File Processing Stats

File Path                            PID  Runtime      # DAGs    # Errors  Last Runtime    Last Run
---------------------------------  -----  ---------  --------  ----------  --------------  -------------------
/opt/airflow/dags/tutorial_dag.py    954  3.77s             1           0  0.87s           2024-04-12T00:22:19
================================================================================
[2024-04-12T00:23:23.833+0000] {manager.py:878} INFO - 
================================================================================
DAG File Processing Stats

File Path                          PID    Runtime      # DAGs    # Errors  Last Runtime    Last Run
---------------------------------  -----  ---------  --------  ----------  --------------  -------------------
/opt/airflow/dags/tutorial_dag.py                           1           0  16.53s          2024-04-12T00:23:05
================================================================================
[2024-04-12T00:23:28.885+0000] {manager.py:737} INFO - Searching for files in /opt/airflow/dags
[2024-04-12T00:23:28.893+0000] {manager.py:740} INFO - There are 1 files in /opt/airflow/dags
[2024-04-12T00:23:54.252+0000] {manager.py:878} INFO - 
================================================================================
DAG File Processing Stats

File Path                          PID    Runtime      # DAGs    # Errors  Last Runtime    Last Run
---------------------------------  -----  ---------  --------  ----------  --------------  -------------------
/opt/airflow/dags/tutorial_dag.py                           1           0  1.37s           2024-04-12T00:23:37
================================================================================
[2024-04-12T00:24:24.830+0000] {manager.py:878} INFO - 
================================================================================
DAG File Processing Stats

File Path                          PID    Runtime      # DAGs    # Errors  Last Runtime    Last Run
---------------------------------  -----  ---------  --------  ----------  --------------  -------------------
/opt/airflow/dags/tutorial_dag.py                           1           0  1.47s           2024-04-12T00:24:09
================================================================================
[2024-04-12T00:24:55.080+0000] {manager.py:878} INFO - 
================================================================================
DAG File Processing Stats

File Path                          PID    Runtime      # DAGs    # Errors  Last Runtime    Last Run
---------------------------------  -----  ---------  --------  ----------  --------------  -------------------
/opt/airflow/dags/tutorial_dag.py                           1           0  0.96s           2024-04-12T00:24:40
================================================================================
[2024-04-12T00:25:25.645+0000] {manager.py:878} INFO - 
================================================================================
DAG File Processing Stats

File Path                          PID    Runtime      # DAGs    # Errors  Last Runtime    Last Run
---------------------------------  -----  ---------  --------  ----------  --------------  -------------------
/opt/airflow/dags/tutorial_dag.py                           1           0  0.98s           2024-04-12T00:25:11
================================================================================
[2024-04-12T00:25:56.021+0000] {manager.py:878} INFO - 
================================================================================
DAG File Processing Stats

File Path                          PID    Runtime      # DAGs    # Errors  Last Runtime    Last Run
---------------------------------  -----  ---------  --------  ----------  --------------  -------------------
/opt/airflow/dags/tutorial_dag.py                           1           0  0.93s           2024-04-12T00:25:53
================================================================================
[2024-04-12T00:26:26.511+0000] {manager.py:878} INFO - 
================================================================================
DAG File Processing Stats

File Path                          PID    Runtime      # DAGs    # Errors  Last Runtime    Last Run
---------------------------------  -----  ---------  --------  ----------  --------------  -------------------
/opt/airflow/dags/tutorial_dag.py                           1           0  1.04s           2024-04-12T00:26:25
================================================================================
[2024-04-12T00:26:57.103+0000] {manager.py:878} INFO - 
================================================================================
DAG File Processing Stats

File Path                          PID    Runtime      # DAGs    # Errors  Last Runtime    Last Run
---------------------------------  -----  ---------  --------  ----------  --------------  -------------------
/opt/airflow/dags/tutorial_dag.py                           1           0  0.54s           2024-04-12T00:26:53
================================================================================
[2024-04-12T00:27:27.873+0000] {manager.py:878} INFO - 
================================================================================
DAG File Processing Stats

File Path                          PID    Runtime      # DAGs    # Errors  Last Runtime    Last Run
---------------------------------  -----  ---------  --------  ----------  --------------  -------------------
/opt/airflow/dags/tutorial_dag.py                           1           0  0.98s           2024-04-12T00:27:01
================================================================================
[2024-04-12T00:27:58.280+0000] {manager.py:878} INFO - 
================================================================================
DAG File Processing Stats

File Path                          PID    Runtime      # DAGs    # Errors  Last Runtime    Last Run
---------------------------------  -----  ---------  --------  ----------  --------------  -------------------
/opt/airflow/dags/tutorial_dag.py                           1           0  1.21s           2024-04-12T00:27:33
================================================================================
[2024-04-12T00:28:28.504+0000] {manager.py:878} INFO - 
================================================================================
DAG File Processing Stats

File Path                          PID    Runtime      # DAGs    # Errors  Last Runtime    Last Run
---------------------------------  -----  ---------  --------  ----------  --------------  -------------------
/opt/airflow/dags/tutorial_dag.py                           1           0  0.92s           2024-04-12T00:28:16
================================================================================
[2024-04-12T00:28:29.519+0000] {manager.py:737} INFO - Searching for files in /opt/airflow/dags
[2024-04-12T00:28:29.529+0000] {manager.py:740} INFO - There are 1 files in /opt/airflow/dags
[2024-04-12T00:28:58.941+0000] {manager.py:878} INFO - 
================================================================================
DAG File Processing Stats

File Path                          PID    Runtime      # DAGs    # Errors  Last Runtime    Last Run
---------------------------------  -----  ---------  --------  ----------  --------------  -------------------
/opt/airflow/dags/tutorial_dag.py                           1           0  1.98s           2024-04-12T00:28:41
================================================================================
[2024-04-12T00:29:29.561+0000] {manager.py:878} INFO - 
================================================================================
DAG File Processing Stats

File Path                          PID    Runtime      # DAGs    # Errors  Last Runtime    Last Run
---------------------------------  -----  ---------  --------  ----------  --------------  -------------------
/opt/airflow/dags/tutorial_dag.py                           1           0  0.87s           2024-04-12T00:29:24
================================================================================
[2024-04-12T00:29:59.763+0000] {manager.py:878} INFO - 
================================================================================
DAG File Processing Stats

File Path                          PID    Runtime      # DAGs    # Errors  Last Runtime    Last Run
---------------------------------  -----  ---------  --------  ----------  --------------  -------------------
/opt/airflow/dags/tutorial_dag.py                           1           0  1.87s           2024-04-12T00:29:56
================================================================================
[2024-04-12T00:30:30.024+0000] {manager.py:878} INFO - 
================================================================================
DAG File Processing Stats

File Path                          PID    Runtime      # DAGs    # Errors  Last Runtime    Last Run
---------------------------------  -----  ---------  --------  ----------  --------------  -------------------
/opt/airflow/dags/tutorial_dag.py                           1           0  0.91s           2024-04-12T00:30:27
================================================================================
[2024-04-12T00:31:00.612+0000] {manager.py:878} INFO - 
================================================================================
DAG File Processing Stats

File Path                          PID    Runtime      # DAGs    # Errors  Last Runtime    Last Run
---------------------------------  -----  ---------  --------  ----------  --------------  -------------------
/opt/airflow/dags/tutorial_dag.py                           1           0  1.94s           2024-04-12T00:31:00
================================================================================
[2024-04-12T00:31:31.074+0000] {manager.py:878} INFO - 
================================================================================
DAG File Processing Stats

File Path                            PID  Runtime      # DAGs    # Errors  Last Runtime    Last Run
---------------------------------  -----  ---------  --------  ----------  --------------  -------------------
/opt/airflow/dags/tutorial_dag.py   1260  0.05s             1           0  1.94s           2024-04-12T00:31:00
================================================================================
[2024-04-12T00:32:01.616+0000] {manager.py:878} INFO - 
================================================================================
DAG File Processing Stats

File Path                          PID    Runtime      # DAGs    # Errors  Last Runtime    Last Run
---------------------------------  -----  ---------  --------  ----------  --------------  -------------------
/opt/airflow/dags/tutorial_dag.py                           1           0  1.03s           2024-04-12T00:31:44
================================================================================
[2024-04-12T00:32:32.189+0000] {manager.py:878} INFO - 
================================================================================
DAG File Processing Stats

File Path                          PID    Runtime      # DAGs    # Errors  Last Runtime    Last Run
---------------------------------  -----  ---------  --------  ----------  --------------  -------------------
/opt/airflow/dags/tutorial_dag.py                           1           0  2.03s           2024-04-12T00:32:21
================================================================================
[2024-04-12T00:33:02.720+0000] {manager.py:878} INFO - 
================================================================================
DAG File Processing Stats

File Path                          PID    Runtime      # DAGs    # Errors  Last Runtime    Last Run
---------------------------------  -----  ---------  --------  ----------  --------------  -------------------
/opt/airflow/dags/tutorial_dag.py                           1           0  0.97s           2024-04-12T00:32:41
================================================================================
[2024-04-12T00:33:29.659+0000] {manager.py:737} INFO - Searching for files in /opt/airflow/dags
[2024-04-12T00:33:29.672+0000] {manager.py:740} INFO - There are 1 files in /opt/airflow/dags
[2024-04-12T00:33:33.732+0000] {manager.py:878} INFO - 
================================================================================
DAG File Processing Stats

File Path                          PID    Runtime      # DAGs    # Errors  Last Runtime    Last Run
---------------------------------  -----  ---------  --------  ----------  --------------  -------------------
/opt/airflow/dags/tutorial_dag.py                           1           0  1.10s           2024-04-12T00:33:12
================================================================================
[2024-04-12T00:34:04.075+0000] {manager.py:878} INFO - 
================================================================================
DAG File Processing Stats

File Path                          PID    Runtime      # DAGs    # Errors  Last Runtime    Last Run
---------------------------------  -----  ---------  --------  ----------  --------------  -------------------
/opt/airflow/dags/tutorial_dag.py                           1           0  0.96s           2024-04-12T00:34:01
================================================================================
[2024-04-12T00:34:34.600+0000] {manager.py:878} INFO - 
================================================================================
DAG File Processing Stats

File Path                          PID    Runtime      # DAGs    # Errors  Last Runtime    Last Run
---------------------------------  -----  ---------  --------  ----------  --------------  -------------------
/opt/airflow/dags/tutorial_dag.py                           1           0  0.98s           2024-04-12T00:34:32
================================================================================
[2024-04-12T00:35:04.784+0000] {manager.py:878} INFO - 
================================================================================
DAG File Processing Stats

File Path                          PID    Runtime      # DAGs    # Errors  Last Runtime    Last Run
---------------------------------  -----  ---------  --------  ----------  --------------  -------------------
/opt/airflow/dags/tutorial_dag.py                           1           0  0.80s           2024-04-12T00:34:41
================================================================================
[2024-04-12T00:35:34.877+0000] {manager.py:878} INFO - 
================================================================================
DAG File Processing Stats

File Path                          PID    Runtime      # DAGs    # Errors  Last Runtime    Last Run
---------------------------------  -----  ---------  --------  ----------  --------------  -------------------
/opt/airflow/dags/tutorial_dag.py                           1           0  1.37s           2024-04-12T00:35:13
================================================================================
[2024-04-12T00:36:04.952+0000] {manager.py:878} INFO - 
================================================================================
DAG File Processing Stats

File Path                          PID    Runtime      # DAGs    # Errors  Last Runtime    Last Run
---------------------------------  -----  ---------  --------  ----------  --------------  -------------------
/opt/airflow/dags/tutorial_dag.py                           1           0  1.42s           2024-04-12T00:35:44
================================================================================
[2024-04-12T00:36:35.352+0000] {manager.py:878} INFO - 
================================================================================
DAG File Processing Stats

File Path                            PID  Runtime      # DAGs    # Errors  Last Runtime    Last Run
---------------------------------  -----  ---------  --------  ----------  --------------  -------------------
/opt/airflow/dags/tutorial_dag.py   1417  1.16s             1           0  1.07s           2024-04-12T00:36:33
================================================================================
[2024-04-12T00:37:05.536+0000] {manager.py:878} INFO - 
================================================================================
DAG File Processing Stats

File Path                          PID    Runtime      # DAGs    # Errors  Last Runtime    Last Run
---------------------------------  -----  ---------  --------  ----------  --------------  -------------------
/opt/airflow/dags/tutorial_dag.py                           1           0  2.87s           2024-04-12T00:36:37
================================================================================
[2024-04-12T00:37:36.305+0000] {manager.py:878} INFO - 
================================================================================
DAG File Processing Stats

File Path                          PID    Runtime      # DAGs    # Errors  Last Runtime    Last Run
---------------------------------  -----  ---------  --------  ----------  --------------  -------------------
/opt/airflow/dags/tutorial_dag.py                           1           0  1.29s           2024-04-12T00:37:08
================================================================================
[2024-04-12T00:38:06.714+0000] {manager.py:878} INFO - 
================================================================================
DAG File Processing Stats

File Path                          PID    Runtime      # DAGs    # Errors  Last Runtime    Last Run
---------------------------------  -----  ---------  --------  ----------  --------------  -------------------
/opt/airflow/dags/tutorial_dag.py                           1           0  1.68s           2024-04-12T00:38:00
================================================================================
[2024-04-12T00:38:30.223+0000] {manager.py:737} INFO - Searching for files in /opt/airflow/dags
[2024-04-12T00:38:30.236+0000] {manager.py:740} INFO - There are 1 files in /opt/airflow/dags
[2024-04-12T00:38:37.480+0000] {manager.py:878} INFO - 
================================================================================
DAG File Processing Stats

File Path                          PID    Runtime      # DAGs    # Errors  Last Runtime    Last Run
---------------------------------  -----  ---------  --------  ----------  --------------  -------------------
/opt/airflow/dags/tutorial_dag.py                           1           0  2.28s           2024-04-12T00:38:32
================================================================================
[2024-04-12T00:39:08.208+0000] {manager.py:878} INFO - 
================================================================================
DAG File Processing Stats

File Path                          PID    Runtime      # DAGs    # Errors  Last Runtime    Last Run
---------------------------------  -----  ---------  --------  ----------  --------------  -------------------
/opt/airflow/dags/tutorial_dag.py                           1           0  1.15s           2024-04-12T00:39:04
================================================================================
[2024-04-12T00:39:38.689+0000] {manager.py:878} INFO - 
================================================================================
DAG File Processing Stats

File Path                          PID    Runtime      # DAGs    # Errors  Last Runtime    Last Run
---------------------------------  -----  ---------  --------  ----------  --------------  -------------------
/opt/airflow/dags/tutorial_dag.py                           1           0  2.96s           2024-04-12T00:39:29
================================================================================
[2024-04-12T00:40:09.761+0000] {manager.py:878} INFO - 
================================================================================
DAG File Processing Stats

File Path                            PID  Runtime      # DAGs    # Errors  Last Runtime    Last Run
---------------------------------  -----  ---------  --------  ----------  --------------  -------------------
/opt/airflow/dags/tutorial_dag.py   1507  8.19s             1           0  2.22s           2024-04-12T00:39:59
================================================================================
[2024-04-12T00:40:40.418+0000] {manager.py:878} INFO - 
================================================================================
DAG File Processing Stats

File Path                          PID    Runtime      # DAGs    # Errors  Last Runtime    Last Run
---------------------------------  -----  ---------  --------  ----------  --------------  -------------------
/opt/airflow/dags/tutorial_dag.py                           1           0  12.40s          2024-04-12T00:40:13
================================================================================
[2024-04-12T00:41:10.813+0000] {manager.py:878} INFO - 
================================================================================
DAG File Processing Stats

File Path                          PID    Runtime      # DAGs    # Errors  Last Runtime    Last Run
---------------------------------  -----  ---------  --------  ----------  --------------  -------------------
/opt/airflow/dags/tutorial_dag.py                           1           0  1.11s           2024-04-12T00:41:05
================================================================================
[2024-04-12T00:41:40.999+0000] {manager.py:878} INFO - 
================================================================================
DAG File Processing Stats

File Path                          PID    Runtime      # DAGs    # Errors  Last Runtime    Last Run
---------------------------------  -----  ---------  --------  ----------  --------------  -------------------
/opt/airflow/dags/tutorial_dag.py                           1           0  1.67s           2024-04-12T00:41:30
================================================================================
[2024-04-12T00:42:11.135+0000] {manager.py:878} INFO - 
================================================================================
DAG File Processing Stats

File Path                          PID    Runtime      # DAGs    # Errors  Last Runtime    Last Run
---------------------------------  -----  ---------  --------  ----------  --------------  -------------------
/opt/airflow/dags/tutorial_dag.py                           1           0  1.71s           2024-04-12T00:42:02
================================================================================
[2024-04-12T00:42:41.207+0000] {manager.py:878} INFO - 
================================================================================
DAG File Processing Stats

File Path                          PID    Runtime      # DAGs    # Errors  Last Runtime    Last Run
---------------------------------  -----  ---------  --------  ----------  --------------  -------------------
/opt/airflow/dags/tutorial_dag.py                           1           0  1.30s           2024-04-12T00:42:35
================================================================================
[2024-04-12T00:43:11.526+0000] {manager.py:878} INFO - 
================================================================================
DAG File Processing Stats

File Path                          PID    Runtime      # DAGs    # Errors  Last Runtime    Last Run
---------------------------------  -----  ---------  --------  ----------  --------------  -------------------
/opt/airflow/dags/tutorial_dag.py                           1           0  0.95s           2024-04-12T00:43:06
================================================================================
[2024-04-12T00:43:30.833+0000] {manager.py:737} INFO - Searching for files in /opt/airflow/dags
[2024-04-12T00:43:30.842+0000] {manager.py:740} INFO - There are 1 files in /opt/airflow/dags
[2024-04-12T00:43:42.011+0000] {manager.py:878} INFO - 
================================================================================
DAG File Processing Stats

File Path                          PID    Runtime      # DAGs    # Errors  Last Runtime    Last Run
---------------------------------  -----  ---------  --------  ----------  --------------  -------------------
/opt/airflow/dags/tutorial_dag.py                           1           0  0.95s           2024-04-12T00:43:37
================================================================================
[2024-04-12T00:44:12.379+0000] {manager.py:878} INFO - 
================================================================================
DAG File Processing Stats

File Path                          PID    Runtime      # DAGs    # Errors  Last Runtime    Last Run
---------------------------------  -----  ---------  --------  ----------  --------------  -------------------
/opt/airflow/dags/tutorial_dag.py                           1           0  0.89s           2024-04-12T00:44:09
================================================================================
[2024-04-12T00:44:42.905+0000] {manager.py:878} INFO - 
================================================================================
DAG File Processing Stats

File Path                          PID    Runtime      # DAGs    # Errors  Last Runtime    Last Run
---------------------------------  -----  ---------  --------  ----------  --------------  -------------------
/opt/airflow/dags/tutorial_dag.py                           1           0  0.74s           2024-04-12T00:44:40
================================================================================
[2024-04-12T00:45:13.401+0000] {manager.py:878} INFO - 
================================================================================
DAG File Processing Stats

File Path                          PID    Runtime      # DAGs    # Errors  Last Runtime    Last Run
---------------------------------  -----  ---------  --------  ----------  --------------  -------------------
/opt/airflow/dags/tutorial_dag.py                           1           0  1.30s           2024-04-12T00:45:12
================================================================================
[2024-04-12T00:45:43.684+0000] {manager.py:878} INFO - 
================================================================================
DAG File Processing Stats

File Path                          PID    Runtime      # DAGs    # Errors  Last Runtime    Last Run
---------------------------------  -----  ---------  --------  ----------  --------------  -------------------
/opt/airflow/dags/tutorial_dag.py                           1           0  0.97s           2024-04-12T00:45:34
================================================================================
[2024-04-12T00:46:14.014+0000] {manager.py:878} INFO - 
================================================================================
DAG File Processing Stats

File Path                          PID    Runtime      # DAGs    # Errors  Last Runtime    Last Run
---------------------------------  -----  ---------  --------  ----------  --------------  -------------------
/opt/airflow/dags/tutorial_dag.py                           1           0  0.90s           2024-04-12T00:46:05
================================================================================
[2024-04-12T00:46:44.373+0000] {manager.py:878} INFO - 
================================================================================
DAG File Processing Stats

File Path                          PID    Runtime      # DAGs    # Errors  Last Runtime    Last Run
---------------------------------  -----  ---------  --------  ----------  --------------  -------------------
/opt/airflow/dags/tutorial_dag.py                           1           0  0.82s           2024-04-12T00:46:37
================================================================================
[2024-04-12T00:47:14.903+0000] {manager.py:878} INFO - 
================================================================================
DAG File Processing Stats

File Path                          PID    Runtime      # DAGs    # Errors  Last Runtime    Last Run
---------------------------------  -----  ---------  --------  ----------  --------------  -------------------
/opt/airflow/dags/tutorial_dag.py                           1           0  0.89s           2024-04-12T00:47:08
================================================================================
[2024-04-12T00:47:45.141+0000] {manager.py:878} INFO - 
================================================================================
DAG File Processing Stats

File Path                          PID    Runtime      # DAGs    # Errors  Last Runtime    Last Run
---------------------------------  -----  ---------  --------  ----------  --------------  -------------------
/opt/airflow/dags/tutorial_dag.py                           1           0  0.84s           2024-04-12T00:47:40
================================================================================
[2024-04-12T00:48:15.673+0000] {manager.py:878} INFO - 
================================================================================
DAG File Processing Stats

File Path                          PID    Runtime      # DAGs    # Errors  Last Runtime    Last Run
---------------------------------  -----  ---------  --------  ----------  --------------  -------------------
/opt/airflow/dags/tutorial_dag.py                           1           0  0.98s           2024-04-12T00:47:56
================================================================================
[2024-04-12T00:48:30.909+0000] {manager.py:737} INFO - Searching for files in /opt/airflow/dags
[2024-04-12T00:48:30.924+0000] {manager.py:740} INFO - There are 1 files in /opt/airflow/dags
[2024-04-12T00:48:46.253+0000] {manager.py:878} INFO - 
================================================================================
DAG File Processing Stats

File Path                          PID    Runtime      # DAGs    # Errors  Last Runtime    Last Run
---------------------------------  -----  ---------  --------  ----------  --------------  -------------------
/opt/airflow/dags/tutorial_dag.py                           1           0  1.51s           2024-04-12T00:48:24
================================================================================
[2024-04-12T00:49:16.452+0000] {manager.py:878} INFO - 
================================================================================
DAG File Processing Stats

File Path                          PID    Runtime      # DAGs    # Errors  Last Runtime    Last Run
---------------------------------  -----  ---------  --------  ----------  --------------  -------------------
/opt/airflow/dags/tutorial_dag.py                           1           0  0.96s           2024-04-12T00:49:04
================================================================================
[2024-04-12T00:49:47.166+0000] {manager.py:878} INFO - 
================================================================================
DAG File Processing Stats

File Path                          PID    Runtime      # DAGs    # Errors  Last Runtime    Last Run
---------------------------------  -----  ---------  --------  ----------  --------------  -------------------
/opt/airflow/dags/tutorial_dag.py                           1           0  1.60s           2024-04-12T00:49:24
================================================================================
[2024-04-12T00:50:17.608+0000] {manager.py:878} INFO - 
================================================================================
DAG File Processing Stats

File Path                            PID  Runtime      # DAGs    # Errors  Last Runtime    Last Run
---------------------------------  -----  ---------  --------  ----------  --------------  -------------------
/opt/airflow/dags/tutorial_dag.py   1832  0.03s             1           0  1.06s           2024-04-12T00:50:14
================================================================================
[2024-04-12T00:50:48.565+0000] {manager.py:878} INFO - 
================================================================================
DAG File Processing Stats

File Path                          PID    Runtime      # DAGs    # Errors  Last Runtime    Last Run
---------------------------------  -----  ---------  --------  ----------  --------------  -------------------
/opt/airflow/dags/tutorial_dag.py                           1           0  1.68s           2024-04-12T00:50:19
================================================================================
[2024-04-12T00:51:18.960+0000] {manager.py:878} INFO - 
================================================================================
DAG File Processing Stats

File Path                          PID    Runtime      # DAGs    # Errors  Last Runtime    Last Run
---------------------------------  -----  ---------  --------  ----------  --------------  -------------------
/opt/airflow/dags/tutorial_dag.py                           1           0  1.04s           2024-04-12T00:50:50
================================================================================
[2024-04-12T00:51:49.275+0000] {manager.py:878} INFO - 
================================================================================
DAG File Processing Stats

File Path                          PID    Runtime      # DAGs    # Errors  Last Runtime    Last Run
---------------------------------  -----  ---------  --------  ----------  --------------  -------------------
/opt/airflow/dags/tutorial_dag.py                           1           0  0.91s           2024-04-12T00:51:21
================================================================================
[2024-04-12T00:52:19.505+0000] {manager.py:878} INFO - 
================================================================================
DAG File Processing Stats

File Path                          PID    Runtime      # DAGs    # Errors  Last Runtime    Last Run
---------------------------------  -----  ---------  --------  ----------  --------------  -------------------
/opt/airflow/dags/tutorial_dag.py                           1           0  0.92s           2024-04-12T00:51:53
================================================================================
[2024-04-12T00:52:49.985+0000] {manager.py:878} INFO - 
================================================================================
DAG File Processing Stats

File Path                          PID    Runtime      # DAGs    # Errors  Last Runtime    Last Run
---------------------------------  -----  ---------  --------  ----------  --------------  -------------------
/opt/airflow/dags/tutorial_dag.py                           1           0  0.98s           2024-04-12T00:52:24
================================================================================
[2024-04-12T00:53:20.530+0000] {manager.py:878} INFO - 
================================================================================
DAG File Processing Stats

File Path                          PID    Runtime      # DAGs    # Errors  Last Runtime    Last Run
---------------------------------  -----  ---------  --------  ----------  --------------  -------------------
/opt/airflow/dags/tutorial_dag.py                           1           0  0.95s           2024-04-12T00:53:20
================================================================================
[2024-04-12T00:53:31.681+0000] {manager.py:737} INFO - Searching for files in /opt/airflow/dags
[2024-04-12T00:53:31.693+0000] {manager.py:740} INFO - There are 1 files in /opt/airflow/dags
[2024-04-12T00:53:51.027+0000] {manager.py:878} INFO - 
================================================================================
DAG File Processing Stats

File Path                            PID  Runtime      # DAGs    # Errors  Last Runtime    Last Run
---------------------------------  -----  ---------  --------  ----------  --------------  -------------------
/opt/airflow/dags/tutorial_dag.py   1929  0.05s             1           0  0.95s           2024-04-12T00:53:20
================================================================================
[2024-04-12T00:54:21.272+0000] {manager.py:878} INFO - 
================================================================================
DAG File Processing Stats

File Path                          PID    Runtime      # DAGs    # Errors  Last Runtime    Last Run
---------------------------------  -----  ---------  --------  ----------  --------------  -------------------
/opt/airflow/dags/tutorial_dag.py                           1           0  0.86s           2024-04-12T00:53:51
================================================================================
[2024-04-12T00:54:52.167+0000] {manager.py:878} INFO - 
================================================================================
DAG File Processing Stats

File Path                            PID  Runtime      # DAGs    # Errors  Last Runtime    Last Run
---------------------------------  -----  ---------  --------  ----------  --------------  -------------------
/opt/airflow/dags/tutorial_dag.py   1967  4.42s             1           0  1.05s           2024-04-12T00:54:23
================================================================================
[2024-04-12T00:55:22.645+0000] {manager.py:878} INFO - 
================================================================================
DAG File Processing Stats

File Path                          PID    Runtime      # DAGs    # Errors  Last Runtime    Last Run
---------------------------------  -----  ---------  --------  ----------  --------------  -------------------
/opt/airflow/dags/tutorial_dag.py                           1           0  6.49s           2024-04-12T00:54:54
================================================================================
[2024-04-12T00:55:53.068+0000] {manager.py:878} INFO - 
================================================================================
DAG File Processing Stats

File Path                          PID    Runtime      # DAGs    # Errors  Last Runtime    Last Run
---------------------------------  -----  ---------  --------  ----------  --------------  -------------------
/opt/airflow/dags/tutorial_dag.py                           1           0  0.96s           2024-04-12T00:55:25
================================================================================
[2024-04-12T00:56:23.532+0000] {manager.py:878} INFO - 
================================================================================
DAG File Processing Stats

File Path                          PID    Runtime      # DAGs    # Errors  Last Runtime    Last Run
---------------------------------  -----  ---------  --------  ----------  --------------  -------------------
/opt/airflow/dags/tutorial_dag.py                           1           0  0.99s           2024-04-12T00:56:18
================================================================================
[2024-04-12T00:56:54.059+0000] {manager.py:878} INFO - 
================================================================================
DAG File Processing Stats

File Path                          PID    Runtime      # DAGs    # Errors  Last Runtime    Last Run
---------------------------------  -----  ---------  --------  ----------  --------------  -------------------
/opt/airflow/dags/tutorial_dag.py                           1           0  1.04s           2024-04-12T00:56:40
================================================================================
[2024-04-12T00:57:24.644+0000] {manager.py:878} INFO - 
================================================================================
DAG File Processing Stats

File Path                          PID    Runtime      # DAGs    # Errors  Last Runtime    Last Run
---------------------------------  -----  ---------  --------  ----------  --------------  -------------------
/opt/airflow/dags/tutorial_dag.py                           1           0  1.36s           2024-04-12T00:57:12
================================================================================
[2024-04-12T00:57:54.981+0000] {manager.py:878} INFO - 
================================================================================
DAG File Processing Stats

File Path                          PID    Runtime      # DAGs    # Errors  Last Runtime    Last Run
---------------------------------  -----  ---------  --------  ----------  --------------  -------------------
/opt/airflow/dags/tutorial_dag.py                           1           0  0.96s           2024-04-12T00:57:43
================================================================================
[2024-04-12T00:58:19.610+0000] {manager.py:452} INFO - Exiting gracefully upon receiving signal 15
[2024-04-12T00:59:27.604+0000] {manager.py:470} INFO - Processing files using up to 2 processes at a time 
[2024-04-12T00:59:27.605+0000] {manager.py:471} INFO - Process each file at most once every 30 seconds
[2024-04-12T00:59:27.606+0000] {manager.py:472} INFO - Checking for new files in /opt/airflow/dags every 300 seconds
[2024-04-12T00:59:27.608+0000] {manager.py:737} INFO - Searching for files in /opt/airflow/dags
[2024-04-12T00:59:27.616+0000] {manager.py:740} INFO - There are 1 files in /opt/airflow/dags
[2024-04-12T00:59:27.830+0000] {manager.py:878} INFO - 
================================================================================
DAG File Processing Stats

File Path                            PID  Runtime      # DAGs    # Errors  Last Runtime    Last Run
---------------------------------  -----  ---------  --------  ----------  --------------  ----------
/opt/airflow/dags/tutorial_dag.py    166  0.08s             0           0
================================================================================
[2024-04-12T00:59:58.054+0000] {manager.py:878} INFO - 
================================================================================
DAG File Processing Stats

File Path                          PID    Runtime      # DAGs    # Errors  Last Runtime    Last Run
---------------------------------  -----  ---------  --------  ----------  --------------  -------------------
/opt/airflow/dags/tutorial_dag.py                           1           0  2.99s           2024-04-12T00:59:30
================================================================================
[2024-04-12T01:00:00.311+0000] {manager.py:452} INFO - Exiting gracefully upon receiving signal 15
