[2024-04-12T00:23:05.703+0000] {local_task_job_runner.py:120} INFO - ::group::Pre task execution logs
[2024-04-12T00:23:05.849+0000] {taskinstance.py:2073} INFO - Dependencies all met for dep_context=non-requeueable deps ti=<TaskInstance: tutorial_dag.consumir_api_pokemons scheduled__2024-04-11T22:30:00+00:00 [queued]>
[2024-04-12T00:23:05.869+0000] {taskinstance.py:2073} INFO - Dependencies all met for dep_context=requeueable deps ti=<TaskInstance: tutorial_dag.consumir_api_pokemons scheduled__2024-04-11T22:30:00+00:00 [queued]>
[2024-04-12T00:23:05.871+0000] {taskinstance.py:2303} INFO - Starting attempt 6 of 6
[2024-04-12T00:23:06.462+0000] {taskinstance.py:2327} INFO - Executing <Task(PythonOperator): consumir_api_pokemons> on 2024-04-11 22:30:00+00:00
[2024-04-12T00:23:06.579+0000] {logging_mixin.py:188} WARNING - /home/***/.local/lib/python3.12/site-packages/***/task/task_runner/standard_task_runner.py:61 DeprecationWarning: This process (pid=960) is multi-threaded, use of fork() may lead to deadlocks in the child.
[2024-04-12T00:23:06.574+0000] {standard_task_runner.py:90} INFO - Running: ['***', 'tasks', 'run', 'tutorial_dag', 'consumir_api_pokemons', 'scheduled__2024-04-11T22:30:00+00:00', '--job-id', '11', '--raw', '--subdir', 'DAGS_FOLDER/tutorial_dag.py', '--cfg-path', '/tmp/tmpm0vcgcw3']
[2024-04-12T00:23:06.585+0000] {standard_task_runner.py:91} INFO - Job 11: Subtask consumir_api_pokemons
[2024-04-12T00:23:06.588+0000] {standard_task_runner.py:63} INFO - Started process 964 to run task
[2024-04-12T00:23:06.811+0000] {task_command.py:426} INFO - Running <TaskInstance: tutorial_dag.consumir_api_pokemons scheduled__2024-04-11T22:30:00+00:00 [running]> on host ae99acc4965a
[2024-04-12T00:23:07.085+0000] {taskinstance.py:2644} INFO - Exporting env vars: AIRFLOW_CTX_DAG_OWNER='***' AIRFLOW_CTX_DAG_ID='tutorial_dag' AIRFLOW_CTX_TASK_ID='consumir_api_pokemons' AIRFLOW_CTX_EXECUTION_DATE='2024-04-11T22:30:00+00:00' AIRFLOW_CTX_TRY_NUMBER='6' AIRFLOW_CTX_DAG_RUN_ID='scheduled__2024-04-11T22:30:00+00:00'
[2024-04-12T00:23:07.092+0000] {taskinstance.py:430} INFO - ::endgroup::
[2024-04-12T00:23:07.554+0000] {python.py:237} INFO - Done. Returned value was:           name                                    url
0    bulbasaur   https://pokeapi.co/api/v2/pokemon/1/
1      ivysaur   https://pokeapi.co/api/v2/pokemon/2/
2     venusaur   https://pokeapi.co/api/v2/pokemon/3/
3   charmander   https://pokeapi.co/api/v2/pokemon/4/
4   charmeleon   https://pokeapi.co/api/v2/pokemon/5/
5    charizard   https://pokeapi.co/api/v2/pokemon/6/
6     squirtle   https://pokeapi.co/api/v2/pokemon/7/
7    wartortle   https://pokeapi.co/api/v2/pokemon/8/
8    blastoise   https://pokeapi.co/api/v2/pokemon/9/
9     caterpie  https://pokeapi.co/api/v2/pokemon/10/
10     metapod  https://pokeapi.co/api/v2/pokemon/11/
11  butterfree  https://pokeapi.co/api/v2/pokemon/12/
12      weedle  https://pokeapi.co/api/v2/pokemon/13/
13      kakuna  https://pokeapi.co/api/v2/pokemon/14/
14    beedrill  https://pokeapi.co/api/v2/pokemon/15/
15      pidgey  https://pokeapi.co/api/v2/pokemon/16/
16   pidgeotto  https://pokeapi.co/api/v2/pokemon/17/
17     pidgeot  https://pokeapi.co/api/v2/pokemon/18/
18     rattata  https://pokeapi.co/api/v2/pokemon/19/
19    raticate  https://pokeapi.co/api/v2/pokemon/20/
[2024-04-12T00:23:07.581+0000] {taskinstance.py:441} INFO - ::group::Post task execution logs
[2024-04-12T00:23:07.709+0000] {taskinstance.py:1205} INFO - Marking task as SUCCESS. dag_id=tutorial_dag, task_id=consumir_api_pokemons, execution_date=20240411T223000, start_date=20240412T002305, end_date=20240412T002307
[2024-04-12T00:23:07.751+0000] {local_task_job_runner.py:240} INFO - Task exited with return code 0
[2024-04-12T00:23:07.804+0000] {taskinstance.py:3482} INFO - 1 downstream tasks scheduled from follow-on schedule check
[2024-04-12T00:23:07.813+0000] {local_task_job_runner.py:222} INFO - ::endgroup::
